2022-08-08 00:52:30.077315269 [INFO] <grepedit:15>:started app
2022-08-08 00:52:30.080359084 [INFO] <grepedit:92>:Entering main loop
2022-08-08 00:52:31.681777620 [INFO] <grepedit:110>:Pressed Down
2022-08-08 00:52:31.883639128 [INFO] <grepedit:106>:Pressed UP
2022-08-08 00:52:32.131540913 [INFO] <grepedit:114>:Pressed Enter
2022-08-08 00:52:35.349815898 [INFO] <grepedit:106>:Pressed UP
2022-08-08 00:52:35.793676091 [INFO] <grepedit:110>:Pressed Down
2022-08-08 00:52:36.100559160 [INFO] <grepedit:106>:Pressed UP
2022-08-08 00:52:36.315537342 [INFO] <grepedit:110>:Pressed Down
2022-08-08 00:52:36.546592021 [INFO] <grepedit:106>:Pressed UP
2022-08-08 00:52:36.834560979 [INFO] <grepedit:110>:Pressed Down
2022-08-08 00:52:42.298790002 [INFO] <grepedit:106>:Pressed UP
2022-08-08 00:52:42.570644731 [INFO] <grepedit:114>:Pressed Enter
2022-08-08 00:52:45.644888436 [INFO] <grepedit:110>:Pressed Down
2022-08-08 00:52:45.991931322 [INFO] <grepedit:114>:Pressed Enter
2022-08-08 00:52:46.832731352 [INFO] <grepedit:110>:Pressed Down
2022-08-08 00:52:47.040883216 [INFO] <grepedit:106>:Pressed UP
2022-08-08 00:52:47.272851226 [INFO] <grepedit:106>:Pressed UP
2022-08-08 00:52:47.535710544 [INFO] <grepedit:114>:Pressed Enter
2022-08-08 00:52:48.414867569 [INFO] <grepedit:110>:Pressed Down
2022-08-08 00:52:48.712917815 [INFO] <grepedit:106>:Pressed UP
2022-08-08 00:52:49.149124791 [INFO] <grepedit:110>:Pressed Down
2022-08-08 00:52:49.407836957 [INFO] <grepedit:114>:Pressed Enter
2022-08-08 00:52:50.121017297 [INFO] <grepedit:106>:Pressed UP
2022-08-08 00:52:50.336799464 [INFO] <grepedit:114>:Pressed Enter
2022-08-08 00:52:51.087862653 [INFO] <grepedit:110>:Pressed Down
2022-08-08 00:52:51.531989877 [INFO] <grepedit:106>:Pressed UP
2022-08-08 00:52:51.770771581 [INFO] <grepedit:114>:Pressed Enter
2022-08-08 00:54:05.040074496 [INFO] <grepedit:15>:started app
2022-08-08 00:54:05.043139804 [INFO] <grepedit:92>:Entering main loop
2022-08-08 00:54:05.979704925 [INFO] <grepedit:114>:Pressed Enter
2022-08-08 00:55:08.582367785 [INFO] <grepedit:15>:started app
2022-08-08 00:55:08.585422115 [INFO] <grepedit:92>:Entering main loop
2022-08-08 00:55:09.654540989 [INFO] <grepedit:110>:Pressed Down
2022-08-08 00:55:09.893335946 [INFO] <grepedit:114>:Pressed Enter
2022-08-08 00:55:14.236566351 [INFO] <grepedit:106>:Pressed UP
2022-08-08 00:55:14.544451306 [INFO] <grepedit:110>:Pressed Down
2022-08-08 00:55:14.916376072 [INFO] <grepedit:106>:Pressed UP
2022-08-08 00:55:15.160379548 [INFO] <grepedit:110>:Pressed Down
2022-08-08 00:55:15.532401927 [INFO] <grepedit:106>:Pressed UP
2022-08-08 00:55:15.788432462 [INFO] <grepedit:110>:Pressed Down
2022-08-08 00:55:16.042319092 [INFO] <grepedit:106>:Pressed UP
2022-08-08 00:55:25.069687521 [INFO] <grepedit:110>:Pressed Down
2022-08-08 00:55:25.374613214 [INFO] <grepedit:114>:Pressed Enter
2022-08-08 00:55:28.167757646 [INFO] <grepedit:106>:Pressed UP
2022-08-08 00:55:28.354631444 [INFO] <grepedit:114>:Pressed Enter
2022-08-08 00:55:28.947688627 [INFO] <grepedit:110>:Pressed Down
2022-08-08 00:55:29.208643050 [INFO] <grepedit:114>:Pressed Enter
2022-08-08 00:55:29.808669932 [INFO] <grepedit:106>:Pressed UP
2022-08-08 00:55:30.010639351 [INFO] <grepedit:114>:Pressed Enter
2022-08-08 00:58:23.497299537 [INFO] <grepedit:15>:started app
2022-08-08 00:58:23.506157708 [INFO] <grepedit:93>:Entering main loop
2022-08-08 00:58:24.863056729 [INFO] <grepedit:115>:Pressed Enter
2022-08-08 00:59:00.017116796 [INFO] <grepedit:15>:started app
2022-08-08 00:59:00.025638677 [INFO] <grepedit:93>:Entering main loop
2022-08-08 00:59:00.402561482 [INFO] <grepedit:111>:Pressed Down
2022-08-08 00:59:00.652488522 [INFO] <grepedit:115>:Pressed Enter
2022-08-08 00:59:36.506166756 [INFO] <grepedit:15>:started app
2022-08-08 00:59:36.510610788 [INFO] <grepedit:93>:Entering main loop
2022-08-08 00:59:37.690129896 [INFO] <grepedit:111>:Pressed Down
2022-08-08 00:59:37.937903133 [INFO] <grepedit:115>:Pressed Enter
2022-08-08 00:59:40.130055289 [INFO] <grepedit:107>:Pressed UP
2022-08-08 00:59:40.422042834 [INFO] <grepedit:111>:Pressed Down
2022-08-08 00:59:40.718106969 [INFO] <grepedit:107>:Pressed UP
2022-08-08 00:59:40.966998077 [INFO] <grepedit:107>:Pressed UP
2022-08-08 00:59:41.209773604 [INFO] <grepedit:111>:Pressed Down
2022-08-08 00:59:41.449850278 [INFO] <grepedit:107>:Pressed UP
2022-08-08 00:59:41.673888870 [INFO] <grepedit:111>:Pressed Down
2022-08-08 00:59:41.907911503 [INFO] <grepedit:107>:Pressed UP
2022-08-08 00:59:42.134958652 [INFO] <grepedit:111>:Pressed Down
2022-08-08 00:59:42.359901030 [INFO] <grepedit:107>:Pressed UP
2022-08-08 00:59:42.589861454 [INFO] <grepedit:111>:Pressed Down
2022-08-08 00:59:42.822845693 [INFO] <grepedit:107>:Pressed UP
2022-08-08 00:59:43.042961797 [INFO] <grepedit:111>:Pressed Down
2022-08-08 00:59:43.252913161 [INFO] <grepedit:107>:Pressed UP
2022-08-08 00:59:43.462881615 [INFO] <grepedit:111>:Pressed Down
2022-08-08 00:59:43.672898848 [INFO] <grepedit:107>:Pressed UP
2022-08-08 01:00:26.355363559 [INFO] <grepedit:15>:started app
2022-08-08 01:00:26.359789652 [INFO] <grepedit:93>:Entering main loop
2022-08-08 01:00:27.187778730 [INFO] <grepedit:111>:Pressed Down
2022-08-08 01:00:27.444524795 [INFO] <grepedit:115>:Pressed Enter
2022-08-08 01:00:29.023759581 [INFO] <grepedit:107>:Pressed UP
2022-08-08 01:00:29.293787739 [INFO] <grepedit:111>:Pressed Down
2022-08-08 01:00:29.526693590 [INFO] <grepedit:107>:Pressed UP
2022-08-08 01:00:29.709551198 [INFO] <grepedit:111>:Pressed Down
2022-08-08 01:00:29.906599529 [INFO] <grepedit:107>:Pressed UP
2022-08-08 01:00:30.099614330 [INFO] <grepedit:111>:Pressed Down
2022-08-08 01:00:30.294530041 [INFO] <grepedit:107>:Pressed UP
2022-08-08 01:00:30.490592525 [INFO] <grepedit:111>:Pressed Down
2022-08-08 01:00:33.804895440 [INFO] <grepedit:107>:Pressed UP
2022-08-08 01:00:34.033616943 [INFO] <grepedit:115>:Pressed Enter
2022-08-08 01:00:35.127727580 [INFO] <grepedit:111>:Pressed Down
2022-08-08 01:00:35.349761788 [INFO] <grepedit:115>:Pressed Enter
2022-08-08 01:00:35.991768468 [INFO] <grepedit:111>:Pressed Down
2022-08-08 01:00:36.227722453 [INFO] <grepedit:107>:Pressed UP
2022-08-08 01:00:36.574734581 [INFO] <grepedit:107>:Pressed UP
2022-08-08 01:00:36.905693471 [INFO] <grepedit:111>:Pressed Down
2022-08-08 01:00:37.111678938 [INFO] <grepedit:111>:Pressed Down
2022-08-08 01:00:37.877862765 [INFO] <grepedit:111>:Pressed Down
2022-08-08 01:00:38.256733042 [INFO] <grepedit:107>:Pressed UP
2022-08-08 01:00:38.502740033 [INFO] <grepedit:107>:Pressed UP
2022-08-08 01:00:38.792723367 [INFO] <grepedit:111>:Pressed Down
2022-08-08 01:00:39.000709485 [INFO] <grepedit:111>:Pressed Down
2022-08-08 01:00:39.328747164 [INFO] <grepedit:107>:Pressed UP
2022-08-08 01:00:39.571794519 [INFO] <grepedit:111>:Pressed Down
2022-08-08 01:00:39.821750751 [INFO] <grepedit:107>:Pressed UP
2022-08-08 01:00:39.997658009 [INFO] <grepedit:107>:Pressed UP
2022-08-08 01:00:51.682752210 [INFO] <grepedit:15>:started app
2022-08-08 01:00:51.691376386 [INFO] <grepedit:93>:Entering main loop
2022-08-08 01:00:52.733102108 [INFO] <grepedit:111>:Pressed Down
2022-08-08 01:00:52.956961284 [INFO] <grepedit:115>:Pressed Enter
2022-08-08 01:00:57.027151539 [INFO] <grepedit:111>:Pressed Down
2022-08-08 01:00:57.493229441 [INFO] <grepedit:107>:Pressed UP
2022-08-08 01:00:58.093276607 [INFO] <grepedit:111>:Pressed Down
2022-08-08 01:00:58.337030927 [INFO] <grepedit:107>:Pressed UP
2022-08-08 01:00:58.551068227 [INFO] <grepedit:111>:Pressed Down
2022-08-08 01:00:58.735006262 [INFO] <grepedit:107>:Pressed UP
2022-08-08 01:00:58.917074188 [INFO] <grepedit:111>:Pressed Down
2022-08-08 01:00:59.074023448 [INFO] <grepedit:107>:Pressed UP
2022-08-08 01:00:59.254393325 [INFO] <grepedit:111>:Pressed Down
2022-08-08 01:00:59.410102699 [INFO] <grepedit:107>:Pressed UP
2022-08-08 01:00:59.579008184 [INFO] <grepedit:111>:Pressed Down
2022-08-08 01:00:59.735035440 [INFO] <grepedit:107>:Pressed UP
2022-08-08 01:00:59.922079164 [INFO] <grepedit:111>:Pressed Down
2022-08-08 01:01:00.069078121 [INFO] <grepedit:107>:Pressed UP
2022-08-08 01:01:00.236072036 [INFO] <grepedit:111>:Pressed Down
2022-08-08 01:04:11.137965310 [INFO] <grepedit:107>:Pressed UP
2022-08-08 01:04:42.462769995 [INFO] <grepedit:15>:started app
2022-08-08 01:04:42.467256763 [INFO] <grepedit:93>:Entering main loop
2022-08-08 01:04:43.498523207 [INFO] <grepedit:115>:Pressed Enter
2022-08-08 01:04:45.071591644 [INFO] <grepedit:111>:Pressed Down
2022-08-08 01:04:45.977533536 [INFO] <grepedit:107>:Pressed UP
2022-08-08 01:04:46.216503990 [INFO] <grepedit:111>:Pressed Down
2022-08-08 01:04:46.415337675 [INFO] <grepedit:107>:Pressed UP
2022-08-08 01:04:46.609339049 [INFO] <grepedit:111>:Pressed Down
2022-08-08 01:04:46.789383487 [INFO] <grepedit:107>:Pressed UP
2022-08-08 01:04:46.976312597 [INFO] <grepedit:111>:Pressed Down
2022-08-08 01:04:47.144403782 [INFO] <grepedit:107>:Pressed UP
2022-08-08 01:04:47.331370313 [INFO] <grepedit:111>:Pressed Down
2022-08-08 01:06:14.284959671 [INFO] <grepedit:111>:Pressed Down
2022-08-08 01:06:14.513707492 [INFO] <grepedit:107>:Pressed UP
2022-08-08 01:06:14.883712822 [INFO] <grepedit:115>:Pressed Enter
2022-08-08 01:06:16.399935099 [INFO] <grepedit:111>:Pressed Down
2022-08-08 01:06:16.734883525 [INFO] <grepedit:115>:Pressed Enter
2022-08-08 01:06:17.425830803 [INFO] <grepedit:107>:Pressed UP
2022-08-08 01:06:17.647724843 [INFO] <grepedit:115>:Pressed Enter
2022-08-08 01:06:18.392977532 [INFO] <grepedit:111>:Pressed Down
2022-08-08 01:06:18.647755794 [INFO] <grepedit:115>:Pressed Enter
2022-08-08 01:07:42.911058378 [INFO] <grepedit:15>:started app
2022-08-08 01:07:42.919947498 [INFO] <grepedit:93>:Entering main loop
2022-08-08 01:07:44.896500458 [INFO] <grepedit:15>:started app
2022-08-08 01:07:44.900896337 [INFO] <grepedit:93>:Entering main loop
2022-08-08 01:07:45.710357162 [INFO] <grepedit:107>:Pressed UP
2022-08-08 01:07:45.966267577 [INFO] <grepedit:107>:Pressed UP
2022-08-08 01:07:46.773332629 [INFO] <grepedit:115>:Pressed Enter
2022-08-08 01:07:50.945945406 [INFO] <grepedit:15>:started app
2022-08-08 01:07:50.950813538 [INFO] <grepedit:93>:Entering main loop
2022-08-08 01:07:52.899459995 [INFO] <grepedit:115>:Pressed Enter
2022-08-08 01:07:54.995404428 [INFO] <grepedit:111>:Pressed Down
2022-08-08 01:07:55.280333341 [INFO] <grepedit:115>:Pressed Enter
2022-08-08 01:07:56.564674008 [INFO] <grepedit:107>:Pressed UP
2022-08-08 01:07:56.781371619 [INFO] <grepedit:115>:Pressed Enter
2022-08-08 01:07:57.823474618 [INFO] <grepedit:111>:Pressed Down
2022-08-08 01:07:58.086361487 [INFO] <grepedit:115>:Pressed Enter
2022-08-08 01:07:59.053572670 [INFO] <grepedit:107>:Pressed UP
2022-08-08 01:08:03.306612201 [INFO] <grepedit:111>:Pressed Down
2022-08-08 01:08:03.556429245 [INFO] <grepedit:115>:Pressed Enter
2022-08-08 01:09:30.133992694 [INFO] <grepedit:15>:started app
2022-08-08 01:09:30.140498469 [INFO] <grepedit:93>:Entering main loop
2022-08-08 01:09:30.903144030 [INFO] <grepedit:115>:Pressed Enter
2022-08-08 01:09:37.053356215 [INFO] <grepedit:115>:Pressed Enter
2022-08-08 01:09:39.857912213 [INFO] <grepedit:115>:Pressed Enter
2022-08-08 01:09:43.477008432 [INFO] <grepedit:15>:started app
2022-08-08 01:09:43.483344098 [INFO] <grepedit:93>:Entering main loop
2022-08-08 01:09:45.134897920 [INFO] <grepedit:111>:Pressed Down
2022-08-08 01:09:45.606862639 [INFO] <grepedit:115>:Pressed Enter
2022-08-08 01:09:48.771691305 [INFO] <grepedit:107>:Pressed UP
2022-08-08 01:09:49.324354462 [INFO] <grepedit:115>:Pressed Enter
2022-08-08 01:09:53.622281751 [INFO] <grepedit:15>:started app
2022-08-08 01:09:53.628646266 [INFO] <grepedit:93>:Entering main loop
2022-08-08 01:09:54.974079802 [INFO] <grepedit:115>:Pressed Enter
2022-08-08 07:04:40.808364154 [INFO] <gredit:15>:started app
2022-08-08 07:04:40.817097700 [INFO] <gredit:93>:Entering main loop
2022-08-08 07:04:42.369613277 [INFO] <gredit:111>:Pressed Down
2022-08-08 07:04:42.582277409 [INFO] <gredit:107>:Pressed UP
2022-08-08 07:04:42.818954288 [INFO] <gredit:115>:Pressed Enter
2022-08-08 07:04:46.707812809 [INFO] <gredit:111>:Pressed Down
2022-08-08 07:04:47.033014509 [INFO] <gredit:115>:Pressed Enter
2022-08-08 07:04:48.666058002 [INFO] <gredit:107>:Pressed UP
2022-08-08 07:04:48.963829511 [INFO] <gredit:115>:Pressed Enter
2022-08-08 07:04:50.115977734 [INFO] <gredit:111>:Pressed Down
2022-08-08 07:04:50.635046981 [INFO] <gredit:115>:Pressed Enter
2022-08-08 07:04:53.402816292 [INFO] <gredit:107>:Pressed UP
2022-08-08 07:04:53.648694616 [INFO] <gredit:115>:Pressed Enter
2022-08-08 07:04:56.647781942 [INFO] <gredit:111>:Pressed Down
2022-08-08 07:04:57.463679799 [INFO] <gredit:115>:Pressed Enter
2022-08-08 07:05:00.297607527 [INFO] <gredit:107>:Pressed UP
2022-08-08 07:05:00.552508344 [INFO] <gredit:115>:Pressed Enter
2022-08-08 07:05:01.885260512 [INFO] <gredit:111>:Pressed Down
2022-08-08 07:05:02.148298634 [INFO] <gredit:115>:Pressed Enter
2022-08-08 07:05:21.345307351 [INFO] <gredit:107>:Pressed UP
2022-08-08 07:05:21.944720989 [INFO] <gredit:115>:Pressed Enter
2022-08-08 07:05:24.648453787 [INFO] <gredit:111>:Pressed Down
2022-08-08 07:05:25.211441357 [INFO] <gredit:115>:Pressed Enter
2022-08-08 07:06:00.616361040 [INFO] <gredit:15>:started app
2022-08-08 07:06:00.634002331 [INFO] <gredit:93>:Entering main loop
2022-08-08 07:06:01.519891519 [INFO] <gredit:111>:Pressed Down
2022-08-08 07:06:01.881788590 [INFO] <gredit:107>:Pressed UP
2022-08-08 07:06:02.079505624 [INFO] <gredit:115>:Pressed Enter
2022-08-08 07:06:03.931832051 [INFO] <gredit:111>:Pressed Down
2022-08-08 07:06:04.202611472 [INFO] <gredit:115>:Pressed Enter
2022-08-08 07:06:05.397727556 [INFO] <gredit:111>:Pressed Down
2022-08-08 07:06:05.855734120 [INFO] <gredit:107>:Pressed UP
2022-08-08 07:06:06.149680271 [INFO] <gredit:115>:Pressed Enter
2022-08-08 07:06:07.275789887 [INFO] <gredit:111>:Pressed Down
2022-08-08 07:06:07.546626069 [INFO] <gredit:115>:Pressed Enter
2022-08-08 07:06:10.566910221 [INFO] <gredit:107>:Pressed UP
2022-08-08 07:06:11.069827160 [INFO] <gredit:111>:Pressed Down
2022-08-08 07:06:11.404364156 [INFO] <gredit:107>:Pressed UP
2022-08-08 07:06:20.089319339 [INFO] <gredit:111>:Pressed Down
2022-08-08 07:06:20.355226647 [INFO] <gredit:115>:Pressed Enter
2022-08-08 07:06:21.556331895 [INFO] <gredit:107>:Pressed UP
2022-08-08 07:06:21.765984105 [INFO] <gredit:115>:Pressed Enter
2022-08-08 07:06:58.654344967 [INFO] <gredit:15>:started app
2022-08-08 07:06:58.662957463 [INFO] <gredit:93>:Entering main loop
2022-08-08 07:06:59.836905714 [INFO] <gredit:115>:Pressed Enter
2022-08-08 07:07:03.942638150 [INFO] <gredit:111>:Pressed Down
2022-08-08 07:07:04.212452257 [INFO] <gredit:115>:Pressed Enter
2022-08-08 07:07:36.503207100 [INFO] <gredit:15>:started app
2022-08-08 07:07:36.512402865 [INFO] <gredit:93>:Entering main loop
2022-08-08 07:07:37.895377975 [INFO] <gredit:115>:Pressed Enter
2022-08-08 07:08:07.612722108 [INFO] <gredit:15>:started app
2022-08-08 07:08:07.621473670 [INFO] <gredit:93>:Entering main loop
2022-08-08 07:08:08.957405985 [INFO] <gredit:115>:Pressed Enter
2022-08-08 07:08:17.353498948 [INFO] <gredit:115>:Pressed Enter
2022-08-08 07:08:29.711883575 [INFO] <gredit:115>:Pressed Enter
2022-08-08 07:09:02.280288643 [INFO] <gredit:15>:started app
2022-08-08 07:09:02.291295874 [INFO] <gredit:93>:Entering main loop
2022-08-08 07:09:03.717751980 [INFO] <gredit:115>:Pressed Enter
2022-08-08 07:09:10.720799501 [INFO] <gredit:115>:Pressed Enter
2022-08-08 07:12:51.127502272 [INFO] <gredit:15>:started app
2022-08-08 07:12:51.136126855 [INFO] <gredit:93>:Entering main loop
2022-08-08 07:12:52.539594687 [INFO] <gredit:114>:Pressed Enter
2022-08-08 07:12:56.177574148 [INFO] <gredit:110>:Pressed Down
2022-08-08 07:12:56.469329217 [INFO] <gredit:114>:Pressed Enter
2022-08-08 07:12:59.989454161 [INFO] <gredit:106>:Pressed UP
2022-08-08 07:13:00.377231897 [INFO] <gredit:114>:Pressed Enter
2022-08-08 07:13:37.537410278 [INFO] <grepedit:15>:started app
2022-08-08 07:13:37.548571055 [INFO] <grepedit:93>:Entering main loop
2022-08-08 07:13:39.362886529 [INFO] <grepedit:115>:Pressed Enter
2022-08-08 07:13:55.898812603 [INFO] <grepedit:115>:Pressed Enter
2022-08-08 07:14:00.288581628 [INFO] <grepedit:115>:Pressed Enter
2022-08-08 07:14:26.146089575 [INFO] <grepedit:15>:started app
2022-08-08 07:14:26.157700520 [INFO] <grepedit:93>:Entering main loop
2022-08-08 07:14:36.127191894 [INFO] <grepedit:15>:started app
2022-08-08 07:14:36.138161438 [INFO] <grepedit:93>:Entering main loop
2022-08-08 07:14:37.230663416 [INFO] <grepedit:115>:Pressed Enter
2022-08-08 07:15:34.644325665 [INFO] <grepedit:15>:started app
2022-08-08 07:15:34.655341446 [INFO] <grepedit:93>:Entering main loop
2022-08-08 07:15:35.725021247 [INFO] <grepedit:115>:Pressed Enter
2022-08-08 07:15:48.808590063 [INFO] <gredit:15>:started app
2022-08-08 07:15:48.830781400 [INFO] <gredit:93>:Entering main loop
2022-08-08 07:15:49.891721114 [INFO] <gredit:114>:Pressed Enter
2022-08-08 07:17:10.738277625 [INFO] <gredit:15>:started app
2022-08-08 07:17:10.749975531 [INFO] <gredit:93>:Entering main loop
2022-08-08 07:17:13.288061452 [INFO] <gredit:114>:Pressed Enter
2022-08-08 07:19:21.874452425 [INFO] <gredit:15>:started app
2022-08-08 07:19:21.885705007 [INFO] <gredit:93>:Entering main loop
2022-08-08 07:19:23.028885241 [INFO] <gredit:114>:Pressed Enter
2022-08-08 07:23:30.180713534 [INFO] <gredit:15>:started app
2022-08-08 07:23:30.192078085 [INFO] <gredit:93>:Entering main loop
2022-08-08 07:23:31.106761881 [INFO] <gredit:114>:Pressed Enter
2022-08-08 07:23:33.999653791 [INFO] <gredit:110>:Pressed Down
2022-08-08 07:23:34.316766900 [INFO] <gredit:114>:Pressed Enter
2022-08-08 07:25:41.104213470 [INFO] <gredit:15>:started app
2022-08-08 07:25:41.115513067 [INFO] <gredit:93>:Entering main loop
2022-08-08 07:25:41.793485798 [INFO] <gredit:114>:Pressed Enter
2022-08-08 07:25:45.050652474 [INFO] <gredit:110>:Pressed Down
2022-08-08 07:25:45.372440673 [INFO] <gredit:114>:Pressed Enter
2022-08-08 07:29:11.863268668 [INFO] <gredit:15>:started app
2022-08-08 07:29:11.874469572 [INFO] <gredit:83>:Entering main loop
2022-08-08 07:29:12.956123785 [INFO] <gredit:104>:Pressed Enter
2022-08-08 07:29:16.309612824 [INFO] <gredit:100>:Pressed Down
2022-08-08 07:29:16.721223498 [INFO] <gredit:104>:Pressed Enter
2022-08-08 07:29:19.799577993 [INFO] <gredit:96>:Pressed UP
2022-08-08 07:29:20.051231376 [INFO] <gredit:104>:Pressed Enter
2022-08-08 07:30:30.863393730 [INFO] <grepedit:15>:started app
2022-08-08 07:30:30.875918297 [INFO] <grepedit:93>:Entering main loop
2022-08-08 07:30:32.587489978 [INFO] <grepedit:115>:Pressed Enter
2022-08-08 07:31:21.093858997 [INFO] <grepedit:15>:started app
2022-08-08 07:31:21.105201477 [INFO] <grepedit:93>:Entering main loop
2022-08-08 07:31:22.244487611 [INFO] <grepedit:115>:Pressed Enter
2022-08-08 07:31:27.155531334 [INFO] <grepedit:111>:Pressed Down
2022-08-08 07:31:27.546375268 [INFO] <grepedit:115>:Pressed Enter
2022-08-08 07:31:31.623778821 [INFO] <grepedit:115>:Pressed Enter
2022-08-08 07:31:47.844392455 [INFO] <gredit:15>:started app
2022-08-08 07:31:47.856358891 [INFO] <gredit:83>:Entering main loop
2022-08-08 07:31:48.830340464 [INFO] <gredit:104>:Pressed Enter
2022-08-08 07:31:52.198447075 [INFO] <gredit:100>:Pressed Down
2022-08-08 07:31:52.211761630 [INFO] <gredit:104>:Pressed Enter
2022-08-08 07:32:57.344584500 [INFO] <gredit:15>:started app
2022-08-08 07:32:57.367205388 [INFO] <gredit:83>:Entering main loop
2022-08-08 07:32:58.163348151 [INFO] <gredit:104>:Pressed Enter
2022-08-08 07:33:01.544684339 [INFO] <gredit:100>:Pressed Down
2022-08-08 07:33:01.560510129 [INFO] <gredit:104>:Pressed Enter
2022-08-08 07:34:18.539976277 [INFO] <gredit:15>:started app
2022-08-08 07:34:18.552248728 [INFO] <gredit:83>:Entering main loop
2022-08-08 07:34:19.317352724 [INFO] <gredit:104>:Pressed Enter
2022-08-08 07:34:22.478690748 [INFO] <gredit:100>:Pressed Down
2022-08-08 07:34:22.903260053 [INFO] <gredit:104>:Pressed Enter
2022-08-08 07:34:50.632587882 [INFO] <gredit:15>:started app
2022-08-08 07:34:50.655865704 [INFO] <gredit:83>:Entering main loop
2022-08-08 07:34:51.573423331 [INFO] <gredit:104>:Pressed Enter
2022-08-08 07:34:54.610609235 [INFO] <gredit:100>:Pressed Down
2022-08-08 07:34:55.134503583 [INFO] <gredit:104>:Pressed Enter
2022-08-08 07:35:41.693375410 [INFO] <gredit:15>:started app
2022-08-08 07:35:41.718689305 [INFO] <gredit:83>:Entering main loop
2022-08-08 07:35:42.360935489 [INFO] <gredit:104>:Pressed Enter
2022-08-08 07:35:45.027232228 [INFO] <gredit:100>:Pressed Down
2022-08-08 07:35:45.668142470 [INFO] <gredit:104>:Pressed Enter
2022-08-08 07:36:46.836972336 [INFO] <gredit:15>:started app
2022-08-08 07:36:46.848384678 [INFO] <gredit:83>:Entering main loop
2022-08-08 07:36:48.047292904 [INFO] <gredit:104>:Pressed Enter
2022-08-08 07:36:53.358881870 [INFO] <gredit:100>:Pressed Down
2022-08-08 07:36:53.645722987 [INFO] <gredit:96>:Pressed UP
2022-08-08 07:36:53.936772308 [INFO] <gredit:100>:Pressed Down
2022-08-08 07:36:54.575850320 [INFO] <gredit:104>:Pressed Enter
2022-08-08 07:37:31.164194373 [INFO] <gredit:15>:started app
2022-08-08 07:37:31.175829738 [INFO] <gredit:83>:Entering main loop
2022-08-08 07:37:32.163949100 [INFO] <gredit:104>:Pressed Enter
2022-08-08 07:37:34.991892472 [INFO] <gredit:96>:Pressed UP
2022-08-08 07:37:35.289612684 [INFO] <gredit:100>:Pressed Down
2022-08-08 07:37:35.519666916 [INFO] <gredit:96>:Pressed UP
2022-08-08 07:37:35.760674855 [INFO] <gredit:100>:Pressed Down
2022-08-08 07:37:36.005839715 [INFO] <gredit:96>:Pressed UP
2022-08-08 07:37:36.255881635 [INFO] <gredit:100>:Pressed Down
2022-08-08 07:37:36.507648264 [INFO] <gredit:96>:Pressed UP
2022-08-08 07:38:52.759290112 [INFO] <gredit:15>:started app
2022-08-08 07:38:52.771172963 [INFO] <gredit:83>:Entering main loop
2022-08-08 07:38:53.873814516 [INFO] <gredit:104>:Pressed Enter
2022-08-08 07:38:59.184695082 [INFO] <gredit:15>:started app
2022-08-08 07:38:59.196240887 [INFO] <gredit:83>:Entering main loop
2022-08-08 07:39:00.141635953 [INFO] <gredit:104>:Pressed Enter
2022-08-08 07:39:03.245455650 [INFO] <gredit:100>:Pressed Down
2022-08-08 07:39:03.702517011 [INFO] <gredit:104>:Pressed Enter
2022-08-08 07:39:33.602660405 [INFO] <gredit:15>:started app
2022-08-08 07:39:33.624970692 [INFO] <gredit:83>:Entering main loop
2022-08-08 07:39:34.878870451 [INFO] <gredit:104>:Pressed Enter
2022-08-08 07:39:37.800825452 [INFO] <gredit:104>:Pressed Enter
2022-08-08 07:39:41.274540797 [INFO] <gredit:100>:Pressed Down
2022-08-08 07:39:41.548180076 [INFO] <gredit:104>:Pressed Enter
