2022-08-09 23:55:16.816619188 [INFO] <gredit::app:345>:line nr 42
2022-08-09 23:55:16.816731856 [INFO] <gredit::app:348>:line lower 26
2022-08-09 23:55:16.816754285 [INFO] <gredit::app:351>:line upper 58
2022-08-09 23:55:16.822083094 [INFO] <gredit::app:250>:Entering main loop
2022-08-09 23:55:17.965809391 [INFO] <gredit::app:264>:Pressed Down
2022-08-09 23:55:17.967417794 [INFO] <gredit::app:345>:line nr 43
2022-08-09 23:55:17.967446143 [INFO] <gredit::app:348>:line lower 27
2022-08-09 23:55:17.967465573 [INFO] <gredit::app:351>:line upper 59
2022-08-09 23:55:18.123624450 [INFO] <gredit::app:264>:Pressed Down
2022-08-09 23:55:18.125156324 [INFO] <gredit::app:345>:line nr 45
2022-08-09 23:55:18.125183994 [INFO] <gredit::app:348>:line lower 29
2022-08-09 23:55:18.125203133 [INFO] <gredit::app:351>:line upper 61
2022-08-09 23:55:18.281574357 [INFO] <gredit::app:264>:Pressed Down
2022-08-09 23:55:18.283036142 [INFO] <gredit::app:345>:line nr 46
2022-08-09 23:55:18.283068452 [INFO] <gredit::app:348>:line lower 30
2022-08-09 23:55:18.283086351 [INFO] <gredit::app:351>:line upper 62
2022-08-09 23:55:18.436607665 [INFO] <gredit::app:264>:Pressed Down
2022-08-09 23:55:18.438095829 [INFO] <gredit::app:345>:line nr 48
2022-08-09 23:55:18.438124368 [INFO] <gredit::app:348>:line lower 32
2022-08-09 23:55:18.438141948 [INFO] <gredit::app:351>:line upper 64
2022-08-09 23:55:18.588557155 [INFO] <gredit::app:264>:Pressed Down
2022-08-09 23:55:18.590328145 [INFO] <gredit::app:345>:line nr 51
2022-08-09 23:55:18.590362264 [INFO] <gredit::app:348>:line lower 35
2022-08-09 23:55:18.590384254 [INFO] <gredit::app:351>:line upper 67
2022-08-09 23:55:18.745570368 [INFO] <gredit::app:264>:Pressed Down
2022-08-09 23:55:18.748300621 [INFO] <gredit::app:345>:line nr 53
2022-08-09 23:55:18.748354900 [INFO] <gredit::app:348>:line lower 37
2022-08-09 23:55:18.748389440 [INFO] <gredit::app:351>:line upper 69
2022-08-09 23:55:18.897573557 [INFO] <gredit::app:264>:Pressed Down
2022-08-09 23:55:18.900387619 [INFO] <gredit::app:345>:line nr 89
2022-08-09 23:55:18.900443028 [INFO] <gredit::app:348>:line lower 73
2022-08-09 23:55:18.900479157 [INFO] <gredit::app:351>:line upper 105
2022-08-09 23:55:19.040593901 [INFO] <gredit::app:264>:Pressed Down
2022-08-09 23:55:19.042718675 [INFO] <gredit::app:345>:line nr 91
2022-08-09 23:55:19.042773324 [INFO] <gredit::app:348>:line lower 75
2022-08-09 23:55:19.042807993 [INFO] <gredit::app:351>:line upper 107
2022-08-09 23:55:19.189582343 [INFO] <gredit::app:264>:Pressed Down
2022-08-09 23:55:19.192296666 [INFO] <gredit::app:345>:line nr 93
2022-08-09 23:55:19.192351375 [INFO] <gredit::app:348>:line lower 77
2022-08-09 23:55:19.192387734 [INFO] <gredit::app:351>:line upper 109
2022-08-09 23:55:19.349550493 [INFO] <gredit::app:264>:Pressed Down
2022-08-09 23:55:19.352218527 [INFO] <gredit::app:345>:line nr 95
2022-08-09 23:55:19.352273007 [INFO] <gredit::app:348>:line lower 79
2022-08-09 23:55:19.352309246 [INFO] <gredit::app:351>:line upper 111
2022-08-09 23:55:19.509562804 [INFO] <gredit::app:264>:Pressed Down
2022-08-09 23:55:19.512247868 [INFO] <gredit::app:345>:line nr 96
2022-08-09 23:55:19.512302417 [INFO] <gredit::app:348>:line lower 80
2022-08-09 23:55:19.512337996 [INFO] <gredit::app:351>:line upper 112
2022-08-09 23:55:19.669551375 [INFO] <gredit::app:264>:Pressed Down
2022-08-09 23:55:19.672397666 [INFO] <gredit::app:345>:line nr 109
2022-08-09 23:55:19.672451835 [INFO] <gredit::app:348>:line lower 93
2022-08-09 23:55:19.672487394 [INFO] <gredit::app:351>:line upper 125
2022-08-09 23:55:19.817565892 [INFO] <gredit::app:264>:Pressed Down
2022-08-09 23:55:19.820290905 [INFO] <gredit::app:345>:line nr 112
2022-08-09 23:55:19.820345015 [INFO] <gredit::app:348>:line lower 96
2022-08-09 23:55:19.820380354 [INFO] <gredit::app:351>:line upper 128
2022-08-09 23:55:19.952535365 [INFO] <gredit::app:264>:Pressed Down
2022-08-09 23:55:19.955195199 [INFO] <gredit::app:345>:line nr 113
2022-08-09 23:55:19.955257078 [INFO] <gredit::app:348>:line lower 97
2022-08-09 23:55:19.955293268 [INFO] <gredit::app:351>:line upper 129
2022-08-09 23:55:20.124772044 [INFO] <gredit::app:264>:Pressed Down
2022-08-09 23:55:20.126925707 [INFO] <gredit::app:345>:line nr 114
2022-08-09 23:55:20.126991906 [INFO] <gredit::app:348>:line lower 98
2022-08-09 23:55:20.127030445 [INFO] <gredit::app:351>:line upper 130
2022-08-09 23:55:20.259571439 [INFO] <gredit::app:264>:Pressed Down
2022-08-09 23:55:20.262205703 [INFO] <gredit::app:345>:line nr 115
2022-08-09 23:55:20.262259802 [INFO] <gredit::app:348>:line lower 99
2022-08-09 23:55:20.262295182 [INFO] <gredit::app:351>:line upper 131
2022-08-09 23:55:20.415560008 [INFO] <gredit::app:264>:Pressed Down
2022-08-09 23:55:20.418256332 [INFO] <gredit::app:345>:line nr 121
2022-08-09 23:55:20.418310861 [INFO] <gredit::app:348>:line lower 105
2022-08-09 23:55:20.418345820 [INFO] <gredit::app:351>:line upper 137
2022-08-09 23:55:20.578564557 [INFO] <gredit::app:264>:Pressed Down
2022-08-09 23:55:20.581260480 [INFO] <gredit::app:345>:line nr 138
2022-08-09 23:55:20.581313159 [INFO] <gredit::app:348>:line lower 122
2022-08-09 23:55:20.581348008 [INFO] <gredit::app:351>:line upper 154
2022-08-09 23:55:20.767531497 [INFO] <gredit::app:260>:Pressed UP
2022-08-09 23:55:20.770220161 [INFO] <gredit::app:345>:line nr 121
2022-08-09 23:55:20.770274750 [INFO] <gredit::app:348>:line lower 105
2022-08-09 23:55:20.770309809 [INFO] <gredit::app:351>:line upper 137
2022-08-09 23:55:21.102075886 [INFO] <gredit::app:260>:Pressed UP
2022-08-09 23:55:21.104617052 [INFO] <gredit::app:345>:line nr 115
2022-08-09 23:55:21.104679661 [INFO] <gredit::app:348>:line lower 99
2022-08-09 23:55:21.104716640 [INFO] <gredit::app:351>:line upper 131
2022-08-09 23:55:21.132931703 [INFO] <gredit::app:260>:Pressed UP
2022-08-09 23:55:21.135238924 [INFO] <gredit::app:345>:line nr 114
2022-08-09 23:55:21.135292843 [INFO] <gredit::app:348>:line lower 98
2022-08-09 23:55:21.135328122 [INFO] <gredit::app:351>:line upper 130
2022-08-09 23:55:21.163403078 [INFO] <gredit::app:260>:Pressed UP
2022-08-09 23:55:21.166044472 [INFO] <gredit::app:345>:line nr 113
2022-08-09 23:55:21.166098661 [INFO] <gredit::app:348>:line lower 97
2022-08-09 23:55:21.166133400 [INFO] <gredit::app:351>:line upper 129
2022-08-09 23:55:21.193530477 [INFO] <gredit::app:260>:Pressed UP
2022-08-09 23:55:21.195216968 [INFO] <gredit::app:345>:line nr 112
2022-08-09 23:55:21.195244868 [INFO] <gredit::app:348>:line lower 96
2022-08-09 23:55:21.195262358 [INFO] <gredit::app:351>:line upper 128
2022-08-09 23:55:21.223727877 [INFO] <gredit::app:260>:Pressed UP
2022-08-09 23:55:21.225860050 [INFO] <gredit::app:345>:line nr 109
2022-08-09 23:55:21.225922019 [INFO] <gredit::app:348>:line lower 93
2022-08-09 23:55:21.225957018 [INFO] <gredit::app:351>:line upper 125
2022-08-09 23:55:21.253179568 [INFO] <gredit::app:260>:Pressed UP
2022-08-09 23:55:21.255758224 [INFO] <gredit::app:345>:line nr 96
2022-08-09 23:55:21.255819213 [INFO] <gredit::app:348>:line lower 80
2022-08-09 23:55:21.255854243 [INFO] <gredit::app:351>:line upper 112
2022-08-09 23:55:21.283155341 [INFO] <gredit::app:260>:Pressed UP
2022-08-09 23:55:21.285646729 [INFO] <gredit::app:345>:line nr 95
2022-08-09 23:55:21.285698918 [INFO] <gredit::app:348>:line lower 79
2022-08-09 23:55:21.285805296 [INFO] <gredit::app:351>:line upper 111
2022-08-09 23:55:21.313735214 [INFO] <gredit::app:260>:Pressed UP
2022-08-09 23:55:21.316017694 [INFO] <gredit::app:345>:line nr 93
2022-08-09 23:55:21.316078653 [INFO] <gredit::app:348>:line lower 77
2022-08-09 23:55:21.316113363 [INFO] <gredit::app:351>:line upper 109
2022-08-09 23:55:21.343027978 [INFO] <gredit::app:260>:Pressed UP
2022-08-09 23:55:21.345191371 [INFO] <gredit::app:345>:line nr 91
2022-08-09 23:55:21.345243360 [INFO] <gredit::app:348>:line lower 75
2022-08-09 23:55:21.345278879 [INFO] <gredit::app:351>:line upper 107
2022-08-09 23:55:21.373583421 [INFO] <gredit::app:260>:Pressed UP
2022-08-09 23:55:21.375665505 [INFO] <gredit::app:345>:line nr 89
2022-08-09 23:55:21.375719234 [INFO] <gredit::app:348>:line lower 73
2022-08-09 23:55:21.375753923 [INFO] <gredit::app:351>:line upper 105
2022-08-09 23:55:21.403637272 [INFO] <gredit::app:260>:Pressed UP
2022-08-09 23:55:21.405754636 [INFO] <gredit::app:345>:line nr 53
2022-08-09 23:55:21.405820285 [INFO] <gredit::app:348>:line lower 37
2022-08-09 23:55:21.405855764 [INFO] <gredit::app:351>:line upper 69
