2022-08-07 23:32:44.459464988 [INFO] <grepedit:126>:Pressed UP
2022-08-07 23:32:45.983989006 [INFO] <grepedit:129>:Pressed Down
2022-08-07 23:32:46.558918536 [INFO] <grepedit:126>:Pressed UP
2022-08-07 23:32:47.382722595 [INFO] <grepedit:134>:Pressed Enter
2022-08-07 23:37:03.902696639 [INFO] <grepedit:107>:Entering main loop
2022-08-07 23:37:05.727811310 [INFO] <grepedit:123>:Pressed UP
2022-08-07 23:37:06.543807932 [INFO] <grepedit:126>:Pressed Down
2022-08-07 23:37:07.570209182 [INFO] <grepedit:123>:Pressed UP
2022-08-07 23:37:08.482528011 [INFO] <grepedit:126>:Pressed Down
2022-08-07 23:37:08.948494283 [INFO] <grepedit:123>:Pressed UP
2022-08-07 23:37:09.231014356 [INFO] <grepedit:126>:Pressed Down
2022-08-07 23:37:09.495443638 [INFO] <grepedit:123>:Pressed UP
2022-08-07 23:37:09.730464184 [INFO] <grepedit:126>:Pressed Down
2022-08-07 23:37:10.409046486 [INFO] <grepedit:131>:Pressed Enter
2022-08-07 23:49:41.575676836 [INFO] <grepedit:60>:Entering main loop
2022-08-07 23:49:43.884648435 [INFO] <grepedit:75>:Pressed UP
2022-08-07 23:49:44.130299404 [INFO] <grepedit:78>:Pressed Down
2022-08-07 23:49:44.391249969 [INFO] <grepedit:75>:Pressed UP
2022-08-07 23:49:44.625349341 [INFO] <grepedit:78>:Pressed Down
2022-08-07 23:49:44.820523509 [INFO] <grepedit:75>:Pressed UP
2022-08-07 23:51:32.248262039 [INFO] <grepedit:71>:Entering main loop
2022-08-07 23:51:51.553907313 [INFO] <grepedit:71>:Entering main loop
2022-08-07 23:52:03.072940090 [INFO] <grepedit:86>:Pressed UP
2022-08-07 23:52:03.563776263 [INFO] <grepedit:86>:Pressed UP
2022-08-07 23:52:03.919027557 [INFO] <grepedit:89>:Pressed Down
2022-08-07 23:52:04.151835062 [INFO] <grepedit:86>:Pressed UP
2022-08-07 23:52:04.384173587 [INFO] <grepedit:89>:Pressed Down
2022-08-07 23:52:04.602603602 [INFO] <grepedit:86>:Pressed UP
2022-08-07 23:52:17.431159527 [INFO] <grepedit:17>:started app
2022-08-07 23:52:17.436747849 [INFO] <grepedit:71>:Entering main loop
2022-08-08 00:15:12.281283807 [INFO] <grepedit:15>:started app
2022-08-08 00:15:12.284782550 [INFO] <grepedit:91>:Entering main loop
2022-08-08 00:15:59.948357846 [INFO] <grepedit:15>:started app
2022-08-08 00:15:59.958482444 [INFO] <grepedit:91>:Entering main loop
2022-08-08 00:20:51.470903623 [INFO] <grepedit:15>:started app
2022-08-08 00:20:51.481502017 [INFO] <grepedit:91>:Entering main loop
2022-08-08 00:20:53.284787409 [INFO] <grepedit:105>:Pressed UP
2022-08-08 00:21:35.057884723 [INFO] <grepedit:15>:started app
2022-08-08 00:21:35.063316523 [INFO] <grepedit:91>:Entering main loop
2022-08-08 00:21:35.705813072 [INFO] <grepedit:109>:Pressed Down
2022-08-08 00:21:36.138626193 [INFO] <grepedit:105>:Pressed UP
2022-08-08 00:21:36.383663127 [INFO] <grepedit:109>:Pressed Down
2022-08-08 00:21:36.635697319 [INFO] <grepedit:105>:Pressed UP
2022-08-08 00:21:36.874643860 [INFO] <grepedit:109>:Pressed Down
2022-08-08 00:21:37.138718263 [INFO] <grepedit:105>:Pressed UP
2022-08-08 00:21:40.150479536 [INFO] <grepedit:105>:Pressed UP
2022-08-08 00:21:40.381593202 [INFO] <grepedit:109>:Pressed Down
2022-08-08 00:21:40.584638569 [INFO] <grepedit:105>:Pressed UP
2022-08-08 00:21:40.767514877 [INFO] <grepedit:109>:Pressed Down
2022-08-08 00:21:40.938589251 [INFO] <grepedit:105>:Pressed UP
2022-08-08 00:21:41.100652423 [INFO] <grepedit:109>:Pressed Down
2022-08-08 00:21:41.265572329 [INFO] <grepedit:105>:Pressed UP
2022-08-08 00:21:41.434577676 [INFO] <grepedit:109>:Pressed Down
2022-08-08 00:23:38.179664073 [INFO] <grepedit:15>:started app
2022-08-08 00:23:38.183266631 [INFO] <grepedit:91>:Entering main loop
2022-08-08 00:23:38.688594993 [INFO] <grepedit:109>:Pressed Down
2022-08-08 00:23:39.185433230 [INFO] <grepedit:105>:Pressed UP
2022-08-08 00:23:39.522449450 [INFO] <grepedit:109>:Pressed Down
2022-08-08 00:23:39.828352539 [INFO] <grepedit:105>:Pressed UP
2022-08-08 00:23:40.065385363 [INFO] <grepedit:109>:Pressed Down
2022-08-08 00:23:40.283430191 [INFO] <grepedit:105>:Pressed UP
2022-08-08 00:23:40.500416322 [INFO] <grepedit:109>:Pressed Down
2022-08-08 00:23:40.706741185 [INFO] <grepedit:105>:Pressed UP
2022-08-08 00:23:40.920324904 [INFO] <grepedit:109>:Pressed Down
2022-08-08 00:23:41.149410741 [INFO] <grepedit:105>:Pressed UP
2022-08-08 00:24:54.641131576 [INFO] <grepedit:15>:started app
2022-08-08 00:24:54.651006016 [INFO] <grepedit:91>:Entering main loop
2022-08-08 00:24:55.143513823 [INFO] <grepedit:109>:Pressed Down
2022-08-08 00:24:55.603581508 [INFO] <grepedit:109>:Pressed Down
2022-08-08 00:24:55.864412792 [INFO] <grepedit:105>:Pressed UP
2022-08-08 00:24:56.071302830 [INFO] <grepedit:109>:Pressed Down
2022-08-08 00:24:56.270184917 [INFO] <grepedit:105>:Pressed UP
2022-08-08 00:24:56.442197005 [INFO] <grepedit:109>:Pressed Down
2022-08-08 00:24:56.634439675 [INFO] <grepedit:105>:Pressed UP
2022-08-08 00:25:12.651391802 [INFO] <grepedit:15>:started app
2022-08-08 00:25:12.656200284 [INFO] <grepedit:91>:Entering main loop
2022-08-08 00:25:13.251629214 [INFO] <grepedit:109>:Pressed Down
2022-08-08 00:25:13.673521726 [INFO] <grepedit:105>:Pressed UP
2022-08-08 00:25:13.931293530 [INFO] <grepedit:109>:Pressed Down
2022-08-08 00:25:14.128426616 [INFO] <grepedit:105>:Pressed UP
2022-08-08 00:25:14.317180076 [INFO] <grepedit:109>:Pressed Down
2022-08-08 00:25:14.505281459 [INFO] <grepedit:105>:Pressed UP
2022-08-08 00:25:14.684359854 [INFO] <grepedit:109>:Pressed Down
2022-08-08 00:25:14.850398297 [INFO] <grepedit:105>:Pressed UP
2022-08-08 00:25:15.032261433 [INFO] <grepedit:109>:Pressed Down
2022-08-08 00:25:15.207307555 [INFO] <grepedit:105>:Pressed UP
2022-08-08 00:25:15.396392568 [INFO] <grepedit:109>:Pressed Down
2022-08-08 00:25:15.589503956 [INFO] <grepedit:105>:Pressed UP
2022-08-08 00:25:15.777638831 [INFO] <grepedit:109>:Pressed Down
2022-08-08 00:25:15.982070580 [INFO] <grepedit:105>:Pressed UP
2022-08-08 00:25:16.591506708 [INFO] <grepedit:113>:Pressed Enter
2022-08-08 00:25:17.191496654 [INFO] <grepedit:109>:Pressed Down
2022-08-08 00:25:17.499453328 [INFO] <grepedit:105>:Pressed UP
2022-08-08 00:25:17.704298253 [INFO] <grepedit:109>:Pressed Down
2022-08-08 00:25:17.916282384 [INFO] <grepedit:105>:Pressed UP
